<?xml version="1.0" encoding="utf-8"?><testsuites name="pytest tests"><testsuite name="pytest" errors="0" failures="1" skipped="0" tests="8" time="2.971" timestamp="2026-09-23T03:36:23.346005+00:00" hostname="agent-env-d722f5c7-54d2-4f4a-aa3e-268a02a998e1"><testcase classname="tests.test_smoke.TestHealth" name="test_health_endpoint" time="0.298" /><testcase classname="tests.test_smoke.TestHealth" name="test_openapi_reachable" time="0.181" /><testcase classname="tests.test_smoke.TestOtpFlow" name="test_otp_request_valid_mobile" time="0.106" /><testcase classname="tests.test_smoke.TestOtpFlow" name="test_otp_request_invalid_mobile" time="0.084"><failure message="assert 200 in (400, 422)&#10; +  where 200 = &lt;Response [200]&gt;.status_code">tests/test_smoke.py:90: in test_otp_request_invalid_mobile
    assert r.status_code in (400, 422)
E   assert 200 in (400, 422)
E    +  where 200 = &lt;Response [200]&gt;.status_code</failure></testcase><testcase classname="tests.test_smoke.TestOtpFlow" name="test_otp_verify_success_issues_tokens" time="0.651" /><testcase classname="tests.test_smoke.TestOtpFlow" name="test_otp_verify_wrong_code" time="0.665" /><testcase classname="tests.test_smoke.TestAuthGuard" name="test_protected_route_requires_auth" time="0.079" /><testcase classname="tests.test_smoke.TestAuthGuard" name="test_protected_route_with_token" time="0.788" /></testsuite></testsuites>