<?xml version="1.0" encoding="utf-8"?><testsuites name="pytest tests"><testsuite name="pytest" errors="0" failures="1" skipped="1" tests="31" time="9.028" timestamp="2026-03-20T15:19:19.517305+00:00" hostname="agent-env-d01bb6a6-016e-4068-abf5-11d6111d9a2a"><testcase classname="backend.tests.test_otp_auth_bazaar.TestHealthCheck" name="test_api_health" time="0.197" /><testcase classname="backend.tests.test_otp_auth_bazaar.TestPublicAuthEndpoints" name="test_get_societies" time="0.135" /><testcase classname="backend.tests.test_otp_auth_bazaar.TestPublicAuthEndpoints" name="test_get_society_wings" time="0.115" /><testcase classname="backend.tests.test_otp_auth_bazaar.TestPublicAuthEndpoints" name="test_get_wing_flats" time="0.126" /><testcase classname="backend.tests.test_otp_auth_bazaar.TestPublicAuthEndpoints" name="test_check_status_nonexistent" time="0.122" /><testcase classname="backend.tests.test_otp_auth_bazaar.TestPublicAuthEndpoints" name="test_check_status_existing" time="0.127" /><testcase classname="backend.tests.test_otp_auth_bazaar.TestOTPEndpoints" name="test_send_otp_signup_existing_user" time="0.133" /><testcase classname="backend.tests.test_otp_auth_bazaar.TestOTPEndpoints" name="test_send_otp_forgot_password_nonexistent" time="0.146" /><testcase classname="backend.tests.test_otp_auth_bazaar.TestOTPEndpoints" name="test_send_otp_forgot_password_existing" time="0.132" /><testcase classname="backend.tests.test_otp_auth_bazaar.TestOTPEndpoints" name="test_verify_otp_wrong_code" time="0.237" /><testcase classname="backend.tests.test_otp_auth_bazaar.TestOTPEndpoints" name="test_verify_otp_correct_code" time="0.244" /><testcase classname="backend.tests.test_otp_auth_bazaar.TestForgotPasswordFlow" name="test_forgot_password_reset_complete_flow" time="0.620" /><testcase classname="backend.tests.test_otp_auth_bazaar.TestForgotPasswordFlow" name="test_forgot_password_reset_invalid_token" time="0.121" /><testcase classname="backend.tests.test_otp_auth_bazaar.TestResidentSignupFlow" name="test_signup_send_otp_new_user" time="0.124" /><testcase classname="backend.tests.test_otp_auth_bazaar.TestLoginEndpoint" name="test_login_platform_owner" time="0.381" /><testcase classname="backend.tests.test_otp_auth_bazaar.TestLoginEndpoint" name="test_login_admin" time="0.349" /><testcase classname="backend.tests.test_otp_auth_bazaar.TestLoginEndpoint" name="test_login_resident" time="0.391" /><testcase classname="backend.tests.test_otp_auth_bazaar.TestLoginEndpoint" name="test_login_invalid_credentials" time="0.124" /><testcase classname="backend.tests.test_otp_auth_bazaar.TestLoginEndpoint" name="test_login_pending_user_error" time="0.000" /><testcase classname="backend.tests.test_otp_auth_bazaar.TestBazaarSettingsEndpoints" name="test_get_bazaar_settings" time="0.499" /><testcase classname="backend.tests.test_otp_auth_bazaar.TestBazaarSettingsEndpoints" name="test_update_bazaar_settings" time="0.495" /><testcase classname="backend.tests.test_otp_auth_bazaar.TestBazaarSettingsEndpoints" name="test_bazaar_settings_unauthorized" time="0.115"><failure message="assert 403 == 401&#10; +  where 403 = &lt;Response [403]&gt;.status_code">backend/tests/test_otp_auth_bazaar.py:341: in test_bazaar_settings_unauthorized
    assert response.status_code == 401
E   assert 403 == 401
E    +  where 403 = &lt;Response [403]&gt;.status_code</failure></testcase><testcase classname="backend.tests.test_otp_auth_bazaar.TestWalletBazaarStatus" name="test_get_bazaar_status" time="0.515" /><testcase classname="backend.tests.test_otp_auth_bazaar.TestWalletBazaarStatus" name="test_get_wallet" time="0.510" /><testcase classname="backend.tests.test_otp_auth_bazaar.TestWalletRedeem" name="test_redeem_below_minimum" time="0.573" /><testcase classname="backend.tests.test_otp_auth_bazaar.TestWalletRedeem" name="test_redeem_insufficient_balance" time="0.483" /><testcase classname="backend.tests.test_otp_auth_bazaar.TestWalletRedeem" name="test_redeem_when_bazaar_connected" time="0.641"><skipped type="pytest.skip" message="Insufficient balance">/app/backend/tests/test_otp_auth_bazaar.py:434: Insufficient balance</skipped></testcase><testcase classname="backend.tests.test_otp_auth_bazaar.TestSetPasswordEndpoint" name="test_set_password_not_approved" time="0.128" /><testcase classname="backend.tests.test_otp_auth_bazaar.TestSetPasswordEndpoint" name="test_set_password_already_active" time="0.138" /><testcase classname="backend.tests.test_otp_auth_bazaar.TestP0BugFix" name="test_flat_has_resident_id_after_activation" time="0.462" /><testcase classname="backend.tests.test_otp_auth_bazaar.TestAdminApproveResident" name="test_get_pending_residents" time="0.496" /></testsuite></testsuites>